<?xml version="1.0" encoding="UTF-8"?>
<!-- Generated by org.testng.reporters.JUnitReportReporter -->
<testsuite skipped="0" hostname="DESKTOP-0BR2GDR" name="TestRunner.TC01_Login" tests="1" failures="0" timestamp="07 May 2018 00:01:01 GMT" time="7.752" errors="0">
  <testcase name="feature" time="7.752" classname="TestRunner.TC01_Login"/>
</testsuite> <!-- TestRunner.TC01_Login -->
